生成启动时间为 2015/11/1 18:36:33。
     1>项目“D:\数据结构（王江涛）\chap5\实例\中序线索二叉树\中序线索二叉树\中序线索二叉树.vcxproj”在节点 2 上(build 个目标)。
     1>PrepareForBuild:
         正在创建目录“D:\数据结构（王江涛）\chap5\实例\中序线索二叉树\Debug\”。
       InitializeBuildStatus:
         正在创建“Debug\中序线索二叉树.unsuccessfulbuild”，因为已指定“AlwaysCreate”。
       ClCompile:
         C:\Program Files (x86)\Microsoft Visual Studio 10.0\VC\bin\CL.exe /c /ZI /nologo /W3 /WX- /Od /Oy- /D WIN32 /D _DEBUG /D _CONSOLE /D _UNICODE /D UNICODE /Gm /EHsc /RTC1 /MDd /GS /fp:precise /Zc:wchar_t /Zc:forScope /Fo"Debug\\" /Fd"Debug\vc100.pdb" /Gd /TP /analyze- /errorReport:prompt ..\main.cpp
         main.cpp
     1>d:\数据结构（王江涛）\chap5\实例\中序线索二叉树\main.cpp(15): warning C4715: “Search<char>”: 不是所有的控件路径都返回值
       ManifestResourceCompile:
         C:\Program Files (x86)\Microsoft SDKs\Windows\v7.0A\bin\rc.exe /nologo /fo"Debug\中序线索二叉树.exe.embed.manifest.res" "Debug\中序线索二叉树_manifest.rc" 
       Link:
         C:\Program Files (x86)\Microsoft Visual Studio 10.0\VC\bin\link.exe /ERRORREPORT:PROMPT /OUT:"D:\数据结构（王江涛）\chap5\实例\中序线索二叉树\Debug\中序线索二叉树.exe" /INCREMENTAL /NOLOGO kernel32.lib user32.lib gdi32.lib winspool.lib comdlg32.lib advapi32.lib shell32.lib ole32.lib oleaut32.lib uuid.lib odbc32.lib odbccp32.lib /MANIFEST /ManifestFile:"Debug\中序线索二叉树.exe.intermediate.manifest" /MANIFESTUAC:"level='asInvoker' uiAccess='false'" /DEBUG /PDB:"D:\数据结构（王江涛）\chap5\实例\中序线索二叉树\Debug\中序线索二叉树.pdb" /SUBSYSTEM:CONSOLE /TLBID:1 /DYNAMICBASE /NXCOMPAT /IMPLIB:"D:\数据结构（王江涛）\chap5\实例\中序线索二叉树\Debug\中序线索二叉树.lib" /MACHINE:X86 "Debug\中序线索二叉树.exe.embed.manifest.res"
         Debug\main.obj
       Manifest:
         C:\Program Files (x86)\Microsoft SDKs\Windows\v7.0A\bin\mt.exe /nologo /verbose /out:"Debug\中序线索二叉树.exe.embed.manifest" /manifest "Debug\中序线索二叉树.exe.intermediate.manifest"
         C:\Program Files (x86)\Microsoft SDKs\Windows\v7.0A\bin\rc.exe /nologo /fo"Debug\中序线索二叉树.exe.embed.manifest.res" "Debug\中序线索二叉树_manifest.rc" 
       LinkEmbedManifest:
         C:\Program Files (x86)\Microsoft Visual Studio 10.0\VC\bin\link.exe /ERRORREPORT:PROMPT /OUT:"D:\数据结构（王江涛）\chap5\实例\中序线索二叉树\Debug\中序线索二叉树.exe" /INCREMENTAL /NOLOGO kernel32.lib user32.lib gdi32.lib winspool.lib comdlg32.lib advapi32.lib shell32.lib ole32.lib oleaut32.lib uuid.lib odbc32.lib odbccp32.lib /MANIFEST /ManifestFile:"Debug\中序线索二叉树.exe.intermediate.manifest" /MANIFESTUAC:"level='asInvoker' uiAccess='false'" /DEBUG /PDB:"D:\数据结构（王江涛）\chap5\实例\中序线索二叉树\Debug\中序线索二叉树.pdb" /SUBSYSTEM:CONSOLE /TLBID:1 /DYNAMICBASE /NXCOMPAT /IMPLIB:"D:\数据结构（王江涛）\chap5\实例\中序线索二叉树\Debug\中序线索二叉树.lib" /MACHINE:X86 "Debug\中序线索二叉树.exe.embed.manifest.res"
         Debug\main.obj
         中序线索二叉树.vcxproj -> D:\数据结构（王江涛）\chap5\实例\中序线索二叉树\Debug\中序线索二叉树.exe
       FinalizeBuildStatus:
         正在删除文件“Debug\中序线索二叉树.unsuccessfulbuild”。
         正在对“Debug\中序线索二叉树.lastbuildstate”执行 Touch 任务。
     1>已完成生成项目“D:\数据结构（王江涛）\chap5\实例\中序线索二叉树\中序线索二叉树\中序线索二叉树.vcxproj”(build 个目标)的操作。

生成成功。

已用时间 00:00:04.03
