生成启动时间为 2017/12/9 15:43:54。
     1>项目“F:\课程讲授\普高教育\17-18第一学期\chap5\实例(chap5)\二叉树遍历-查找-路径-交换\二叉树遍历-查找-路径-交换\二叉树遍历-查找-路径-交换.vcxproj”在节点 2 上(build 个目标)。
     1>InitializeBuildStatus:
         正在创建“Debug\二叉树遍历-查找-路径-交换.unsuccessfulbuild”，因为已指定“AlwaysCreate”。
       ClCompile:
         D:\Program Files (x86)\Microsoft Visual Studio 10.0\VC\bin\CL.exe /c /ZI /nologo /W3 /WX- /Od /Oy- /D WIN32 /D _DEBUG /D _CONSOLE /D _UNICODE /D UNICODE /Gm /EHsc /RTC1 /MDd /GS /fp:precise /Zc:wchar_t /Zc:forScope /Fo"Debug\\" /Fd"Debug\vc100.pdb" /Gd /TP /analyze- /errorReport:prompt ..\main.cpp
         main.cpp
     1>f:\课程讲授\普高教育\17-18第一学期\chap5\实例(chap5)\二叉树遍历-查找-路径-交换\main.cpp(18): warning C4244: “=”: 从“double”转换到“int”，可能丢失数据
     1>f:\课程讲授\普高教育\17-18第一学期\chap5\实例(chap5)\二叉树遍历-查找-路径-交换\btree.h(239): warning C4244: “=”: 从“double”转换到“int”，可能丢失数据
                 f:\课程讲授\普高教育\17-18第一学期\chap5\实例(chap5)\二叉树遍历-查找-路径-交换\btree.h(230): 编译类 模板 成员函数“void BTree<T>::Vprnt(BTreeNode<T> *,BTreeNode<T> *[],int,int)”时
                 with
                 [
                     T=char
                 ]
                 f:\课程讲授\普高教育\17-18第一学期\chap5\实例(chap5)\二叉树遍历-查找-路径-交换\btree.h(38): 编译类 模板 成员函数“BTree<T>::BTree(T [],int)”时
                 with
                 [
                     T=char
                 ]
                 f:\课程讲授\普高教育\17-18第一学期\chap5\实例(chap5)\二叉树遍历-查找-路径-交换\main.cpp(14): 参见对正在编译的类 模板 实例化“BTree<T>”的引用
                 with
                 [
                     T=char
                 ]
     1>f:\课程讲授\普高教育\17-18第一学期\chap5\实例(chap5)\二叉树遍历-查找-路径-交换\btree.h(242): warning C4244: “=”: 从“double”转换到“int”，可能丢失数据
     1>f:\课程讲授\普高教育\17-18第一学期\chap5\实例(chap5)\二叉树遍历-查找-路径-交换\btree.h(248): warning C4244: “初始化”: 从“double”转换到“int”，可能丢失数据
     1>f:\课程讲授\普高教育\17-18第一学期\chap5\实例(chap5)\二叉树遍历-查找-路径-交换\btree.h(250): warning C4244: “=”: 从“double”转换到“int”，可能丢失数据
       ManifestResourceCompile:
         c:\Program Files (x86)\Microsoft SDKs\Windows\v7.0A\bin\rc.exe /nologo /fo"Debug\二叉树遍历-查找-路径-交换.exe.embed.manifest.res" "Debug\二叉树遍历-查找-路径-交换_manifest.rc" 
       Link:
         D:\Program Files (x86)\Microsoft Visual Studio 10.0\VC\bin\link.exe /ERRORREPORT:PROMPT /OUT:"F:\课程讲授\普高教育\17-18第一学期\chap5\实例(chap5)\二叉树遍历-查找-路径-交换\Debug\二叉树遍历-查找-路径-交换.exe" /INCREMENTAL /NOLOGO kernel32.lib user32.lib gdi32.lib winspool.lib comdlg32.lib advapi32.lib shell32.lib ole32.lib oleaut32.lib uuid.lib odbc32.lib odbccp32.lib /MANIFEST /ManifestFile:"Debug\二叉树遍历-查找-路径-交换.exe.intermediate.manifest" /MANIFESTUAC:"level='asInvoker' uiAccess='false'" /DEBUG /PDB:"F:\课程讲授\普高教育\17-18第一学期\chap5\实例(chap5)\二叉树遍历-查找-路径-交换\Debug\二叉树遍历-查找-路径-交换.pdb" /SUBSYSTEM:CONSOLE /TLBID:1 /DYNAMICBASE /NXCOMPAT /IMPLIB:"F:\课程讲授\普高教育\17-18第一学期\chap5\实例(chap5)\二叉树遍历-查找-路径-交换\Debug\二叉树遍历-查找-路径-交换.lib" /MACHINE:X86 "Debug\二叉树遍历-查找-路径-交换.exe.embed.manifest.res"
         Debug\main.obj
       Manifest:
         c:\Program Files (x86)\Microsoft SDKs\Windows\v7.0A\bin\mt.exe /nologo /verbose /out:"Debug\二叉树遍历-查找-路径-交换.exe.embed.manifest" /manifest "Debug\二叉树遍历-查找-路径-交换.exe.intermediate.manifest"
         所有输出均为最新。
       LinkEmbedManifest:
         所有输出均为最新。
         二叉树遍历-查找-路径-交换.vcxproj -> F:\课程讲授\普高教育\17-18第一学期\chap5\实例(chap5)\二叉树遍历-查找-路径-交换\Debug\二叉树遍历-查找-路径-交换.exe
       FinalizeBuildStatus:
         正在删除文件“Debug\二叉树遍历-查找-路径-交换.unsuccessfulbuild”。
         正在对“Debug\二叉树遍历-查找-路径-交换.lastbuildstate”执行 Touch 任务。
     1>已完成生成项目“F:\课程讲授\普高教育\17-18第一学期\chap5\实例(chap5)\二叉树遍历-查找-路径-交换\二叉树遍历-查找-路径-交换\二叉树遍历-查找-路径-交换.vcxproj”(build 个目标)的操作。

生成成功。

已用时间 00:00:03.98
