G:\二叉树(非递归遍历)\Debug\二叉树.exe
G:\二叉树(非递归遍历)\Debug\二叉树.ilk
G:\二叉树(非递归遍历)\Debug\二叉树.pdb
G:\二叉树(非递归遍历)\二叉树\Debug\bitree.obj
G:\二叉树(非递归遍历)\二叉树\Debug\bitreemain.obj
G:\二叉树(非递归遍历)\二叉树\Debug\cl.command.1.tlog
G:\二叉树(非递归遍历)\二叉树\Debug\CL.read.1.tlog
G:\二叉树(非递归遍历)\二叉树\Debug\CL.write.1.tlog
G:\二叉树(非递归遍历)\二叉树\Debug\link.7864.read.1.tlog
G:\二叉树(非递归遍历)\二叉树\Debug\link.7864.write.1.tlog
G:\二叉树(非递归遍历)\二叉树\Debug\link.7864-cvtres.read.1.tlog
G:\二叉树(非递归遍历)\二叉树\Debug\link.7864-cvtres.write.1.tlog
G:\二叉树(非递归遍历)\二叉树\Debug\link.command.1.tlog
G:\二叉树(非递归遍历)\二叉树\Debug\link.read.1.tlog
G:\二叉树(非递归遍历)\二叉树\Debug\link.write.1.tlog
G:\二叉树(非递归遍历)\二叉树\Debug\link-cvtres.read.1.tlog
G:\二叉树(非递归遍历)\二叉树\Debug\link-cvtres.write.1.tlog
G:\二叉树(非递归遍历)\二叉树\Debug\mt.command.1.tlog
G:\二叉树(非递归遍历)\二叉树\Debug\mt.read.1.tlog
G:\二叉树(非递归遍历)\二叉树\Debug\mt.write.1.tlog
G:\二叉树(非递归遍历)\二叉树\Debug\rc.command.1.tlog
G:\二叉树(非递归遍历)\二叉树\Debug\rc.read.1.tlog
G:\二叉树(非递归遍历)\二叉树\Debug\rc.write.1.tlog
G:\二叉树(非递归遍历)\二叉树\Debug\SeqStack.obj
G:\二叉树(非递归遍历)\二叉树\Debug\vc100.idb
G:\二叉树(非递归遍历)\二叉树\Debug\vc100.pdb
G:\二叉树(非递归遍历)\二叉树\Debug\二叉树.exe.embed.manifest
G:\二叉树(非递归遍历)\二叉树\Debug\二叉树.exe.embed.manifest.res
G:\二叉树(非递归遍历)\二叉树\Debug\二叉树.exe.intermediate.manifest
G:\二叉树(非递归遍历)\二叉树\Debug\二叉树.write.1.tlog
G:\二叉树(非递归遍历)\二叉树\Debug\二叉树_manifest.rc
G:\二叉树\DEBUG\二叉树.EXE
G:\二叉树\DEBUG\二叉树.ILK
G:\二叉树\DEBUG\二叉树.PDB
G:\二叉树\二叉树\DEBUG\BITREE.OBJ
G:\二叉树\二叉树\DEBUG\BITREEMAIN.OBJ
G:\二叉树\二叉树\DEBUG\SEQSTACK.OBJ
G:\二叉树\二叉树\DEBUG\VC100.PDB
G:\二叉树\二叉树\DEBUG\二叉树.EXE.EMBED.MANIFEST
G:\二叉树\二叉树\DEBUG\二叉树.EXE.EMBED.MANIFEST.RES
G:\二叉树\二叉树\DEBUG\二叉树.EXE.INTERMEDIATE.MANIFEST
