生成启动时间为 2015/11/18 21:22:24。
     1>项目“G:\二叉树(非递归遍历)\二叉树\二叉树.vcxproj”在节点 2 上(rebuild 个目标)。
     1>_PrepareForClean:
         正在删除文件“Debug\二叉树.lastbuildstate”。
       InitializeBuildStatus:
         正在创建“Debug\二叉树.unsuccessfulbuild”，因为已指定“AlwaysCreate”。
       ClCompile:
         F:\Program Files (x86)\Microsoft Visual Studio 10.0\VC\bin\CL.exe /c /ZI /nologo /W3 /WX- /Od /Oy- /D WIN32 /D _DEBUG /D _CONSOLE /D _UNICODE /D UNICODE /Gm /EHsc /RTC1 /MDd /GS /fp:precise /Zc:wchar_t /Zc:forScope /Fo"Debug\\" /Fd"Debug\vc100.pdb" /Gd /TP /analyze- /errorReport:prompt ..\bitree.cpp ..\bitreemain.cpp ..\SeqStack.cpp
         SeqStack.cpp
         bitreemain.cpp
         bitree.cpp
         正在生成代码...
     1>g:\二叉树(非递归遍历)\seqstack.cpp(78): warning C4715: “SeqStack<BiNode<std::basic_string<char,std::char_traits<char>,std::allocator<char> > > *>::GetTop”: 不是所有的控件路径都返回值
       ManifestResourceCompile:
         C:\Program Files (x86)\Microsoft SDKs\Windows\v7.0A\bin\rc.exe /nologo /fo"Debug\二叉树.exe.embed.manifest.res" "Debug\二叉树_manifest.rc" 
       Link:
         F:\Program Files (x86)\Microsoft Visual Studio 10.0\VC\bin\link.exe /ERRORREPORT:PROMPT /OUT:"G:\二叉树(非递归遍历)\Debug\二叉树.exe" /INCREMENTAL /NOLOGO kernel32.lib user32.lib gdi32.lib winspool.lib comdlg32.lib advapi32.lib shell32.lib ole32.lib oleaut32.lib uuid.lib odbc32.lib odbccp32.lib /MANIFEST /ManifestFile:"Debug\二叉树.exe.intermediate.manifest" /MANIFESTUAC:"level='asInvoker' uiAccess='false'" /DEBUG /PDB:"G:\二叉树(非递归遍历)\Debug\二叉树.pdb" /SUBSYSTEM:CONSOLE /TLBID:1 /DYNAMICBASE /NXCOMPAT /IMPLIB:"G:\二叉树(非递归遍历)\Debug\二叉树.lib" /MACHINE:X86 "Debug\二叉树.exe.embed.manifest.res"
         Debug\bitree.obj
         Debug\bitreemain.obj
         Debug\SeqStack.obj
       Manifest:
         正在删除文件“Debug\二叉树.exe.embed.manifest”。
         C:\Program Files (x86)\Microsoft SDKs\Windows\v7.0A\bin\mt.exe /nologo /verbose /out:"Debug\二叉树.exe.embed.manifest" /manifest "Debug\二叉树.exe.intermediate.manifest"
         C:\Program Files (x86)\Microsoft SDKs\Windows\v7.0A\bin\rc.exe /nologo /fo"Debug\二叉树.exe.embed.manifest.res" "Debug\二叉树_manifest.rc" 
       LinkEmbedManifest:
         F:\Program Files (x86)\Microsoft Visual Studio 10.0\VC\bin\link.exe /ERRORREPORT:PROMPT /OUT:"G:\二叉树(非递归遍历)\Debug\二叉树.exe" /INCREMENTAL /NOLOGO kernel32.lib user32.lib gdi32.lib winspool.lib comdlg32.lib advapi32.lib shell32.lib ole32.lib oleaut32.lib uuid.lib odbc32.lib odbccp32.lib /MANIFEST /ManifestFile:"Debug\二叉树.exe.intermediate.manifest" /MANIFESTUAC:"level='asInvoker' uiAccess='false'" /DEBUG /PDB:"G:\二叉树(非递归遍历)\Debug\二叉树.pdb" /SUBSYSTEM:CONSOLE /TLBID:1 /DYNAMICBASE /NXCOMPAT /IMPLIB:"G:\二叉树(非递归遍历)\Debug\二叉树.lib" /MACHINE:X86 "Debug\二叉树.exe.embed.manifest.res"
         Debug\bitree.obj
         Debug\bitreemain.obj
         Debug\SeqStack.obj
         二叉树.vcxproj -> G:\二叉树(非递归遍历)\Debug\二叉树.exe
       FinalizeBuildStatus:
         正在删除文件“Debug\二叉树.unsuccessfulbuild”。
         正在对“Debug\二叉树.lastbuildstate”执行 Touch 任务。
     1>已完成生成项目“G:\二叉树(非递归遍历)\二叉树\二叉树.vcxproj”(rebuild 个目标)的操作。

生成成功。

已用时间 00:00:04.00
